<?xml version="1.0" encoding="UTF-8"?>
<!-- Generated by org.testng.reporters.JUnitReportReporter -->
<testsuite hostname="Sudhakar" failures="0" tests="1" name="testpage.AmazonFiltertTest" time="11.347" errors="0" timestamp="2025-07-31T06:43:06 IST" skipped="0">
  <testcase classname="testpage.AmazonFiltertTest" name="testAmazon" time="11.347"/>
</testsuite> <!-- testpage.AmazonFiltertTest -->
