<?xml version="1.0" encoding="UTF-8"?>
<!-- Generated by org.testng.reporters.JUnitReportReporter -->
<testsuite hostname="Sudhakar" failures="0" tests="1" name="testpage.AmazonFiltertTest" time="11.974" errors="0" timestamp="2025-08-09T20:09:17 IST" skipped="0">
  <testcase classname="testpage.AmazonFiltertTest" name="testAmazon" time="11.974"/>
</testsuite> <!-- testpage.AmazonFiltertTest -->
